<?xml version="1.0" encoding="UTF-8"?>
<!-- Generated by org.testng.reporters.JUnitReportReporter -->
<testsuite hostname="DESKTOP-54IUH48" failures="0" tests="2" name="testpack.Testng2" time="19.806" errors="0" timestamp="2022-10-15T22:33:50 IST" skipped="0">
  <testcase classname="testpack.Testng2" name="test" time="9.762"/>
  <system-out/>
  <testcase classname="testpack.Testng2" name="test1" time="10.044"/>
  <system-out/>
</testsuite> <!-- testpack.Testng2 -->
