<?xml version="1.0" encoding="UTF-8"?>
<!-- Generated by org.testng.reporters.JUnitReportReporter -->
<testsuite hostname="DESKTOP-54IUH48" failures="0" tests="2" name="testpack.Testngclass" time="6.268" errors="0" timestamp="2022-10-14T22:14:15 IST" skipped="0">
  <testcase classname="testpack.Testngclass" name="test1" time="3.449"/>
  <system-out/>
  <testcase classname="testpack.Testngclass" name="test" time="2.819"/>
  <system-out/>
</testsuite> <!-- testpack.Testngclass -->
