<?xml version="1.0" encoding="UTF-8"?>
<!-- Generated by org.testng.reporters.JUnitReportReporter -->
<testsuite hostname="DESKTOP-54IUH48" failures="0" tests="4" name="testpack.VerifySignupAndLangaugeChange" time="98.864" errors="0" timestamp="2022-11-07T18:58:19 IST" skipped="0">
  <testcase classname="testpack.VerifySignupAndLangaugeChange" name="VerifySignUpPageFuncationlity" time="15.058"/>
  <system-out/>
  <testcase classname="testpack.VerifySignupAndLangaugeChange" name="VerifySignUpPageFuncationlity" time="28.010"/>
  <system-out/>
  <testcase classname="testpack.VerifySignupAndLangaugeChange" name="VerifyLangaugeChangeFuncationality" time="38.055"/>
  <system-out/>
  <testcase classname="testpack.VerifySignupAndLangaugeChange" name="VerifyLangaugeChangeFuncationality" time="17.741"/>
  <system-out/>
</testsuite> <!-- testpack.VerifySignupAndLangaugeChange -->
